# JRE version: Java(TM) SE Runtime Environment (8.0_201-b09) (build 1.8.0_201-b09)
# Java VM: Java HotSpot(TM) 64-Bit Server VM (25.201-b09 mixed mode bsd-amd64 compressed oops)
Heap:
 PSYoungGen      total 38400K, used 6001K [0x0000000795580000, 0x0000000798000000, 0x00000007c0000000)
  eden space 33280K, 18% used [0x0000000795580000,0x0000000795b5c460,0x0000000797600000)
  from space 5120K, 0% used [0x0000000797b00000,0x0000000797b00000,0x0000000798000000)
  to   space 5120K, 0% used [0x0000000797600000,0x0000000797600000,0x0000000797b00000)
 ParOldGen       total 61440K, used 12951K [0x0000000740000000, 0x0000000743c00000, 0x0000000795580000)
  object space 61440K, 21% used [0x0000000740000000,0x0000000740ca5c50,0x0000000743c00000)
 Metaspace       used 21271K, capacity 22270K, committed 22576K, reserved 1069056K
  class space    used 3017K, capacity 3270K, committed 3376K, reserved 1048576K
GC Heap History (6 events):
Event: 2,165 GC heap before
{Heap before GC invocations=1 (full 0):
 PSYoungGen      total 38400K, used 33280K [0x0000000795580000, 0x0000000798000000, 0x00000007c0000000)
  eden space 33280K, 100% used [0x0000000795580000,0x0000000797600000,0x0000000797600000)
  from space 5120K, 0% used [0x0000000797b00000,0x0000000797b00000,0x0000000798000000)
  to   space 5120K, 0% used [0x0000000797600000,0x0000000797600000,0x0000000797b00000)
 ParOldGen       total 87552K, used 0K [0x0000000740000000, 0x0000000745580000, 0x0000000795580000)
  object space 87552K, 0% used [0x0000000740000000,0x0000000740000000,0x0000000745580000)
 Metaspace       used 17431K, capacity 18074K, committed 18176K, reserved 1064960K
  class space    used 2324K, capacity 2524K, committed 2560K, reserved 1048576K
Event: 2,177 GC heap after
Heap after GC invocations=1 (full 0):
 PSYoungGen      total 38400K, used 5117K [0x0000000795580000, 0x0000000798000000, 0x00000007c0000000)
  eden space 33280K, 0% used [0x0000000795580000,0x0000000795580000,0x0000000797600000)
  from space 5120K, 99% used [0x0000000797600000,0x0000000797aff710,0x0000000797b00000)
  to   space 5120K, 0% used [0x0000000797b00000,0x0000000797b00000,0x0000000798000000)
 ParOldGen       total 87552K, used 4902K [0x0000000740000000, 0x0000000745580000, 0x0000000795580000)
  object space 87552K, 5% used [0x0000000740000000,0x00000007404c9a30,0x0000000745580000)
 Metaspace       used 17431K, capacity 18074K, committed 18176K, reserved 1064960K
  class space    used 2324K, capacity 2524K, committed 2560K, reserved 1048576K
}
Event: 5,287 GC heap before
{Heap before GC invocations=2 (full 0):
 PSYoungGen      total 38400K, used 16568K [0x0000000795580000, 0x0000000798000000, 0x00000007c0000000)
  eden space 33280K, 34% used [0x0000000795580000,0x00000007960aebd8,0x0000000797600000)
  from space 5120K, 99% used [0x0000000797600000,0x0000000797aff710,0x0000000797b00000)
  to   space 5120K, 0% used [0x0000000797b00000,0x0000000797b00000,0x0000000798000000)
 ParOldGen       total 87552K, used 4902K [0x0000000740000000, 0x0000000745580000, 0x0000000795580000)
  object space 87552K, 5% used [0x0000000740000000,0x00000007404c9a30,0x0000000745580000)
 Metaspace       used 20321K, capacity 21250K, committed 21296K, reserved 1067008K
  class space    used 2876K, capacity 3074K, committed 3120K, reserved 1048576K
Event: 5,300 GC heap after
Heap after GC invocations=2 (full 0):
 PSYoungGen      total 38400K, used 3812K [0x0000000795580000, 0x0000000798000000, 0x00000007c0000000)
  eden space 33280K, 0% used [0x0000000795580000,0x0000000795580000,0x0000000797600000)
  from space 5120K, 74% used [0x0000000797b00000,0x0000000797eb9040,0x0000000798000000)
  to   space 5120K, 0% used [0x0000000797600000,0x0000000797600000,0x0000000797b00000)
 ParOldGen       total 87552K, used 17815K [0x0000000740000000, 0x0000000745580000, 0x0000000795580000)
  object space 87552K, 20% used [0x0000000740000000,0x0000000741165f00,0x0000000745580000)
 Metaspace       used 20321K, capacity 21250K, committed 21296K, reserved 1067008K
  class space    used 2876K, capacity 3074K, committed 3120K, reserved 1048576K
}
Event: 5,300 GC heap before
{Heap before GC invocations=3 (full 1):
 PSYoungGen      total 38400K, used 3812K [0x0000000795580000, 0x0000000798000000, 0x00000007c0000000)
  eden space 33280K, 0% used [0x0000000795580000,0x0000000795580000,0x0000000797600000)
  from space 5120K, 74% used [0x0000000797b00000,0x0000000797eb9040,0x0000000798000000)
  to   space 5120K, 0% used [0x0000000797600000,0x0000000797600000,0x0000000797b00000)
 ParOldGen       total 87552K, used 17815K [0x0000000740000000, 0x0000000745580000, 0x0000000795580000)
  object space 87552K, 20% used [0x0000000740000000,0x0000000741165f00,0x0000000745580000)
 Metaspace       used 20321K, capacity 21250K, committed 21296K, reserved 1067008K
  class space    used 2876K, capacity 3074K, committed 3120K, reserved 1048576K
Event: 5,318 GC heap after
Heap after GC invocations=3 (full 1):
 PSYoungGen      total 38400K, used 0K [0x0000000795580000, 0x0000000798000000, 0x00000007c0000000)
  eden space 33280K, 0% used [0x0000000795580000,0x0000000795580000,0x0000000797600000)
  from space 5120K, 0% used [0x0000000797b00000,0x0000000797b00000,0x0000000798000000)
  to   space 5120K, 0% used [0x0000000797600000,0x0000000797600000,0x0000000797b00000)
 ParOldGen       total 61440K, used 12951K [0x0000000740000000, 0x0000000743c00000, 0x0000000795580000)
  object space 61440K, 21% used [0x0000000740000000,0x0000000740ca5c50,0x0000000743c00000)
 Metaspace       used 20321K, capacity 21250K, committed 21296K, reserved 1067008K
  class space    used 2876K, capacity 3074K, committed 3120K, reserved 1048576K
}

